  Map.cpp
C:\Users\IBK\Desktop\MapleStory\MapleStory\MapleStory_API\MapleStory\Type.h(43,4): warning C4244:  '초기화 중': 'const LONG'에서 'float'(으)로 변환하면서 데이터가 손실될 수 있습니다.
C:\Users\IBK\Desktop\MapleStory\MapleStory\MapleStory_API\MapleStory\Type.h(44,4): warning C4244:  '초기화 중': 'const LONG'에서 'float'(으)로 변환하면서 데이터가 손실될 수 있습니다.
C:\Users\IBK\Desktop\MapleStory\MapleStory\MapleStory_API\MapleStory\Type.h(50,11): warning C4244:  '=': 'const LONG'에서 'float'(으)로 변환하면서 데이터가 손실될 수 있습니다.
C:\Users\IBK\Desktop\MapleStory\MapleStory\MapleStory_API\MapleStory\Type.h(51,11): warning C4244:  '=': 'const LONG'에서 'float'(으)로 변환하면서 데이터가 손실될 수 있습니다.
C:\Users\IBK\Desktop\MapleStory\MapleStory\MapleStory_API\MapleStory\Map.cpp(12,24): warning C4309:  '인수': 상수 값이 잘립니다.
C:\Users\IBK\Desktop\MapleStory\MapleStory\MapleStory_API\MapleStory\Map.cpp(12,19): warning C4309:  '인수': 상수 값이 잘립니다.
C:\Users\IBK\Desktop\MapleStory\MapleStory\MapleStory_API\MapleStory\Map.cpp(12,14): warning C4309:  '인수': 상수 값이 잘립니다.
C:\Users\IBK\Desktop\MapleStory\MapleStory\MapleStory_API\MapleStory\Map.cpp(187,25): warning C4309:  '인수': 상수 값이 잘립니다.
C:\Users\IBK\Desktop\MapleStory\MapleStory\MapleStory_API\MapleStory\Map.cpp(187,17): warning C4309:  '인수': 상수 값이 잘립니다.
C:\Users\IBK\Desktop\MapleStory\MapleStory\MapleStory_API\MapleStory\Map.cpp(188,109): warning C4244:  '인수': 'float'에서 'int'(으)로 변환하면서 데이터가 손실될 수 있습니다.
C:\Users\IBK\Desktop\MapleStory\MapleStory\MapleStory_API\MapleStory\Map.cpp(188,98): warning C4244:  '인수': 'float'에서 'int'(으)로 변환하면서 데이터가 손실될 수 있습니다.
C:\Users\IBK\Desktop\MapleStory\MapleStory\MapleStory_API\MapleStory\Map.cpp(188,75): warning C4244:  '인수': 'float'에서 'int'(으)로 변환하면서 데이터가 손실될 수 있습니다.
C:\Users\IBK\Desktop\MapleStory\MapleStory\MapleStory_API\MapleStory\Map.cpp(188,42): warning C4244:  '인수': 'float'에서 'int'(으)로 변환하면서 데이터가 손실될 수 있습니다.
C:\Users\IBK\Desktop\MapleStory\MapleStory\MapleStory_API\MapleStory\Map.cpp(193,27): warning C4309:  '인수': 상수 값이 잘립니다.
C:\Users\IBK\Desktop\MapleStory\MapleStory\MapleStory_API\MapleStory\Map.cpp(193,22): warning C4309:  '인수': 상수 값이 잘립니다.
C:\Users\IBK\Desktop\MapleStory\MapleStory\MapleStory_API\MapleStory\Map.cpp(193,17): warning C4309:  '인수': 상수 값이 잘립니다.
C:\Users\IBK\Desktop\MapleStory\MapleStory\MapleStory_API\MapleStory\Map.cpp(195,36): warning C4244:  '인수': 'float'에서 'int'(으)로 변환하면서 데이터가 손실될 수 있습니다.
C:\Users\IBK\Desktop\MapleStory\MapleStory\MapleStory_API\MapleStory\Map.cpp(195,22): warning C4244:  '인수': 'float'에서 'int'(으)로 변환하면서 데이터가 손실될 수 있습니다.
C:\Users\IBK\Desktop\MapleStory\MapleStory\MapleStory_API\MapleStory\Map.cpp(194,109): warning C4244:  '인수': 'float'에서 'int'(으)로 변환하면서 데이터가 손실될 수 있습니다.
C:\Users\IBK\Desktop\MapleStory\MapleStory\MapleStory_API\MapleStory\Map.cpp(194,98): warning C4244:  '인수': 'float'에서 'int'(으)로 변환하면서 데이터가 손실될 수 있습니다.
C:\Users\IBK\Desktop\MapleStory\MapleStory\MapleStory_API\MapleStory\Map.cpp(194,75): warning C4244:  '인수': 'float'에서 'int'(으)로 변환하면서 데이터가 손실될 수 있습니다.
C:\Users\IBK\Desktop\MapleStory\MapleStory\MapleStory_API\MapleStory\Map.cpp(194,42): warning C4244:  '인수': 'float'에서 'int'(으)로 변환하면서 데이터가 손실될 수 있습니다.
C:\Users\IBK\Desktop\MapleStory\MapleStory\MapleStory_API\MapleStory\Map.cpp(200,27): warning C4309:  '인수': 상수 값이 잘립니다.
C:\Users\IBK\Desktop\MapleStory\MapleStory\MapleStory_API\MapleStory\Map.cpp(200,22): warning C4309:  '인수': 상수 값이 잘립니다.
C:\Users\IBK\Desktop\MapleStory\MapleStory\MapleStory_API\MapleStory\Map.cpp(200,17): warning C4309:  '인수': 상수 값이 잘립니다.
C:\Users\IBK\Desktop\MapleStory\MapleStory\MapleStory_API\MapleStory\Map.cpp(202,36): warning C4244:  '인수': 'float'에서 'int'(으)로 변환하면서 데이터가 손실될 수 있습니다.
C:\Users\IBK\Desktop\MapleStory\MapleStory\MapleStory_API\MapleStory\Map.cpp(202,22): warning C4244:  '인수': 'float'에서 'int'(으)로 변환하면서 데이터가 손실될 수 있습니다.
C:\Users\IBK\Desktop\MapleStory\MapleStory\MapleStory_API\MapleStory\Map.cpp(201,109): warning C4244:  '인수': 'float'에서 'int'(으)로 변환하면서 데이터가 손실될 수 있습니다.
C:\Users\IBK\Desktop\MapleStory\MapleStory\MapleStory_API\MapleStory\Map.cpp(201,98): warning C4244:  '인수': 'float'에서 'int'(으)로 변환하면서 데이터가 손실될 수 있습니다.
C:\Users\IBK\Desktop\MapleStory\MapleStory\MapleStory_API\MapleStory\Map.cpp(201,75): warning C4244:  '인수': 'float'에서 'int'(으)로 변환하면서 데이터가 손실될 수 있습니다.
C:\Users\IBK\Desktop\MapleStory\MapleStory\MapleStory_API\MapleStory\Map.cpp(201,42): warning C4244:  '인수': 'float'에서 'int'(으)로 변환하면서 데이터가 손실될 수 있습니다.
C:\Users\IBK\Desktop\MapleStory\MapleStory\MapleStory_API\MapleStory\Map.cpp(207,27): warning C4309:  '인수': 상수 값이 잘립니다.
C:\Users\IBK\Desktop\MapleStory\MapleStory\MapleStory_API\MapleStory\Map.cpp(207,22): warning C4309:  '인수': 상수 값이 잘립니다.
C:\Users\IBK\Desktop\MapleStory\MapleStory\MapleStory_API\MapleStory\Map.cpp(207,17): warning C4309:  '인수': 상수 값이 잘립니다.
C:\Users\IBK\Desktop\MapleStory\MapleStory\MapleStory_API\MapleStory\Map.cpp(209,36): warning C4244:  '인수': 'float'에서 'int'(으)로 변환하면서 데이터가 손실될 수 있습니다.
C:\Users\IBK\Desktop\MapleStory\MapleStory\MapleStory_API\MapleStory\Map.cpp(209,22): warning C4244:  '인수': 'float'에서 'int'(으)로 변환하면서 데이터가 손실될 수 있습니다.
C:\Users\IBK\Desktop\MapleStory\MapleStory\MapleStory_API\MapleStory\Map.cpp(208,109): warning C4244:  '인수': 'float'에서 'int'(으)로 변환하면서 데이터가 손실될 수 있습니다.
C:\Users\IBK\Desktop\MapleStory\MapleStory\MapleStory_API\MapleStory\Map.cpp(208,98): warning C4244:  '인수': 'float'에서 'int'(으)로 변환하면서 데이터가 손실될 수 있습니다.
C:\Users\IBK\Desktop\MapleStory\MapleStory\MapleStory_API\MapleStory\Map.cpp(208,75): warning C4244:  '인수': 'float'에서 'int'(으)로 변환하면서 데이터가 손실될 수 있습니다.
C:\Users\IBK\Desktop\MapleStory\MapleStory\MapleStory_API\MapleStory\Map.cpp(208,42): warning C4244:  '인수': 'float'에서 'int'(으)로 변환하면서 데이터가 손실될 수 있습니다.
  MapleStory.vcxproj -> C:\Users\IBK\Desktop\MapleStory\MapleStory\MapleStory_API\x64\Debug\MapleStory.exe
