c:\users\ibk\desktop\maplestory\maplestory\maplestory_api\maplestory\x64\debug\vc142.pdb
c:\users\ibk\desktop\maplestory\maplestory\maplestory_api\maplestory\x64\debug\vc142.idb
c:\users\ibk\desktop\maplestory\maplestory\maplestory_api\maplestory\x64\debug\timer.obj
c:\users\ibk\desktop\maplestory\maplestory\maplestory_api\maplestory\x64\debug\obj.obj
c:\users\ibk\desktop\maplestory\maplestory\maplestory_api\maplestory\x64\debug\layer.obj
c:\users\ibk\desktop\maplestory\maplestory\maplestory_api\maplestory\x64\debug\input.obj
c:\users\ibk\desktop\maplestory\maplestory\maplestory_api\maplestory\x64\debug\camera.obj
c:\users\ibk\desktop\maplestory\maplestory\maplestory_api\maplestory\x64\debug\texture.obj
c:\users\ibk\desktop\maplestory\maplestory\maplestory_api\maplestory\x64\debug\testscene.obj
c:\users\ibk\desktop\maplestory\maplestory\maplestory_api\maplestory\x64\debug\scenemanager.obj
c:\users\ibk\desktop\maplestory\maplestory\maplestory_api\maplestory\x64\debug\scenecomponent.obj
c:\users\ibk\desktop\maplestory\maplestory\maplestory_api\maplestory\x64\debug\scene.obj
c:\users\ibk\desktop\maplestory\maplestory\maplestory_api\maplestory\x64\debug\resourcemanager.obj
c:\users\ibk\desktop\maplestory\maplestory\maplestory_api\maplestory\x64\debug\ref.obj
c:\users\ibk\desktop\maplestory\maplestory\maplestory_api\maplestory\x64\debug\player.obj
c:\users\ibk\desktop\maplestory\maplestory\maplestory_api\maplestory\x64\debug\pathmanager.obj
c:\users\ibk\desktop\maplestory\maplestory\maplestory_api\maplestory\x64\debug\mouse.obj
c:\users\ibk\desktop\maplestory\maplestory\maplestory_api\maplestory\x64\debug\math.obj
c:\users\ibk\desktop\maplestory\maplestory\maplestory_api\maplestory\x64\debug\main.obj
c:\users\ibk\desktop\maplestory\maplestory\maplestory_api\maplestory\x64\debug\debug.obj
c:\users\ibk\desktop\maplestory\maplestory\maplestory_api\maplestory\x64\debug\core.obj
c:\users\ibk\desktop\maplestory\maplestory\maplestory_api\maplestory\x64\debug\character.obj
c:\users\ibk\desktop\maplestory\maplestory\maplestory_api\maplestory\x64\debug\ui.obj
c:\users\ibk\desktop\maplestory\maplestory\maplestory_api\maplestory\x64\debug\effect.obj
c:\users\ibk\desktop\maplestory\maplestory\maplestory_api\maplestory\x64\debug\animationclip.obj
c:\users\ibk\desktop\maplestory\maplestory\maplestory_api\maplestory\x64\debug\animation.obj
c:\users\ibk\desktop\maplestory\maplestory\maplestory_api\x64\debug\maplestory.exe
c:\users\ibk\desktop\maplestory\maplestory\maplestory_api\x64\debug\maplestory.ilk
c:\users\ibk\desktop\maplestory\maplestory\maplestory_api\x64\debug\maplestory.pdb
c:\users\ibk\desktop\maplestory\maplestory\maplestory_api\maplestory\x64\debug\maplestory.res
c:\users\ibk\desktop\maplestory\maplestory\maplestory_api\maplestory\x64\debug\scene.new.obj.enc
c:\users\ibk\desktop\maplestory\maplestory\maplestory_api\maplestory\x64\debug\maplestory.tlog\cl.command.1.tlog
c:\users\ibk\desktop\maplestory\maplestory\maplestory_api\maplestory\x64\debug\maplestory.tlog\cl.read.1.tlog
c:\users\ibk\desktop\maplestory\maplestory\maplestory_api\maplestory\x64\debug\maplestory.tlog\cl.write.1.tlog
c:\users\ibk\desktop\maplestory\maplestory\maplestory_api\maplestory\x64\debug\maplestory.tlog\link.command.1.tlog
c:\users\ibk\desktop\maplestory\maplestory\maplestory_api\maplestory\x64\debug\maplestory.tlog\link.read.1.tlog
c:\users\ibk\desktop\maplestory\maplestory\maplestory_api\maplestory\x64\debug\maplestory.tlog\link.write.1.tlog
c:\users\ibk\desktop\maplestory\maplestory\maplestory_api\maplestory\x64\debug\maplestory.tlog\rc.command.1.tlog
c:\users\ibk\desktop\maplestory\maplestory\maplestory_api\maplestory\x64\debug\maplestory.tlog\rc.read.1.tlog
c:\users\ibk\desktop\maplestory\maplestory\maplestory_api\maplestory\x64\debug\maplestory.tlog\rc.write.1.tlog
